TN:
SF:D:\devNodejs\platzi\platziverse\platziverse-db\index.js
FN:10,(anonymous_0)
FNF:1
FNH:1
FNDA:13,(anonymous_0)
DA:3,13
DA:4,13
DA:5,13
DA:6,13
DA:7,13
DA:8,13
DA:10,13
DA:11,13
DA:23,13
DA:24,13
DA:25,13
DA:27,13
DA:28,13
DA:30,13
DA:32,13
DA:33,0
DA:36,13
DA:37,13
DA:39,13
LF:19
LH:18
BRDA:32,0,0,0
BRDA:32,0,1,13
BRF:2
BRH:1
end_of_record
TN:
SF:D:\devNodejs\platzi\platziverse\platziverse-db\lib\agent.js
FN:3,setupAgent
FN:4,createOrUpdate
FN:22,findById
FN:26,findByUuid
FN:34,findAll
FN:38,findConnected
FN:46,findByUsername
FNF:7
FNH:7
FNDA:13,setupAgent
FNDA:2,createOrUpdate
FNDA:1,findById
FNDA:1,findByUuid
FNDA:1,findAll
FNDA:1,findConnected
FNDA:1,findByUsername
DA:3,2
DA:5,2
DA:11,2
DA:13,2
DA:14,1
DA:15,1
DA:18,1
DA:19,1
DA:23,1
DA:27,1
DA:35,1
DA:39,1
DA:47,1
DA:55,13
LF:14
LH:14
BRDA:13,0,0,1
BRDA:13,0,1,1
BRDA:15,1,0,1
BRDA:15,1,1,0
BRF:4
BRH:3
end_of_record
TN:
SF:D:\devNodejs\platzi\platziverse\platziverse-db\lib\db.js
FN:5,setupDatabase
FNF:1
FNH:1
FNDA:13,setupDatabase
DA:3,2
DA:4,2
DA:5,2
DA:6,13
DA:7,2
DA:9,13
LF:6
LH:6
BRDA:6,0,0,2
BRDA:6,0,1,11
BRF:2
BRH:2
end_of_record
TN:
SF:D:\devNodejs\platzi\platziverse\platziverse-db\lib\metric.js
FN:3,setupMetric
FN:4,findByAgentUuid
FN:19,findByTypeAgentUuid
FN:38,create
FNF:4
FNH:0
FNDA:0,setupMetric
FNDA:0,findByAgentUuid
FNDA:0,findByTypeAgentUuid
FNDA:0,create
DA:3,2
DA:5,0
DA:20,0
DA:39,0
DA:43,0
DA:44,0
DA:45,0
DA:46,0
DA:50,0
LF:9
LH:1
BRDA:43,0,0,0
BRDA:43,0,1,0
BRF:2
BRH:0
end_of_record
TN:
SF:D:\devNodejs\platzi\platziverse\platziverse-db\models\agent.js
FN:6,setupAgentModel
FNF:1
FNH:0
FNDA:0,setupAgentModel
DA:3,2
DA:4,2
DA:6,2
DA:7,0
DA:9,0
LF:5
LH:3
BRF:0
BRH:0
end_of_record
TN:
SF:D:\devNodejs\platzi\platziverse\platziverse-db\models\metric.js
FN:6,setupMetricModel
FNF:1
FNH:0
FNDA:0,setupMetricModel
DA:3,2
DA:4,2
DA:6,2
DA:7,0
DA:9,0
LF:5
LH:3
BRF:0
BRH:0
end_of_record
TN:
SF:D:\devNodejs\platzi\platziverse\platziverse-db\tests\agent-tests.js
FN:46,(anonymous_4)
FN:78,(anonymous_5)
FN:79,(anonymous_6)
FN:85,(anonymous_7)
FN:89,(anonymous_8)
FN:93,(anonymous_9)
FN:100,(anonymous_10)
FN:110,(anonymous_11)
FN:120,(anonymous_12)
FN:131,(anonymous_13)
FN:142,(anonymous_14)
FN:153,(anonymous_15)
FN:166,(anonymous_16)
FNF:13
FNH:13
FNDA:9,(anonymous_4)
FNDA:9,(anonymous_5)
FNDA:18,(anonymous_6)
FNDA:9,(anonymous_7)
FNDA:1,(anonymous_8)
FNDA:1,(anonymous_9)
FNDA:1,(anonymous_10)
FNDA:1,(anonymous_11)
FNDA:1,(anonymous_12)
FNDA:1,(anonymous_13)
FNDA:1,(anonymous_14)
FNDA:1,(anonymous_15)
FNDA:1,(anonymous_16)
DA:3,1
DA:4,1
DA:5,1
DA:7,1
DA:9,1
DA:13,1
DA:17,1
DA:18,1
DA:19,1
DA:20,1
DA:21,1
DA:23,1
DA:25,1
DA:29,1
DA:33,1
DA:37,1
DA:46,1
DA:47,9
DA:49,9
DA:54,9
DA:55,9
DA:56,1
DA:60,9
DA:61,9
DA:64,9
DA:65,9
DA:68,9
DA:69,9
DA:72,9
DA:73,9
DA:74,9
DA:75,9
DA:77,9
DA:78,9
DA:79,18
DA:82,9
DA:85,1
DA:86,9
DA:89,1
DA:90,1
DA:93,4
DA:94,1
DA:95,1
DA:96,1
DA:97,1
DA:100,3
DA:101,1
DA:103,1
DA:104,1
DA:105,1
DA:107,1
DA:110,3
DA:111,1
DA:113,1
DA:114,1
DA:115,1
DA:117,1
DA:120,3
DA:121,1
DA:123,1
DA:124,1
DA:125,1
DA:127,1
DA:128,1
DA:131,3
DA:132,1
DA:134,1
DA:135,1
DA:136,1
DA:138,1
DA:139,1
DA:142,3
DA:143,1
DA:145,1
DA:146,1
DA:147,1
DA:149,1
DA:150,1
DA:153,6
DA:154,1
DA:156,1
DA:157,1
DA:158,1
DA:159,1
DA:160,1
DA:161,1
DA:163,1
DA:166,6
DA:167,1
DA:169,1
DA:170,1
DA:171,1
DA:174,1
DA:175,1
DA:176,1
DA:178,1
LF:96
LH:96
BRDA:86,0,0,9
BRDA:86,0,1,9
BRF:2
BRH:2
end_of_record
TN:
SF:D:\devNodejs\platzi\platziverse\platziverse-db\tests\metric-tests.js
FN:11,(anonymous_4)
FN:63,(anonymous_5)
FN:86,(anonymous_6)
FN:87,(anonymous_7)
FN:92,(anonymous_8)
FN:96,(anonymous_9)
FN:100,(anonymous_10)
FN:115,(anonymous_11)
FN:125,(anonymous_12)
FNF:9
FNH:8
FNDA:0,(anonymous_4)
FNDA:4,(anonymous_5)
FNDA:4,(anonymous_6)
FNDA:8,(anonymous_7)
FNDA:1,(anonymous_8)
FNDA:1,(anonymous_9)
FNDA:1,(anonymous_10)
FNDA:1,(anonymous_11)
FNDA:1,(anonymous_12)
DA:3,1
DA:4,1
DA:5,1
DA:7,1
DA:8,1
DA:10,1
DA:14,1
DA:18,1
DA:19,1
DA:20,1
DA:21,1
DA:22,1
DA:24,1
DA:26,1
DA:33,1
DA:46,1
DA:63,1
DA:64,4
DA:65,4
DA:70,4
DA:71,4
DA:74,4
DA:75,4
DA:76,0
DA:80,4
DA:81,4
DA:82,4
DA:83,4
DA:85,4
DA:86,4
DA:87,8
DA:89,4
DA:92,1
DA:93,1
DA:96,1
DA:97,1
DA:100,6
DA:101,1
DA:103,1
DA:104,1
DA:105,1
DA:108,1
DA:109,1
DA:110,1
DA:112,1
DA:115,3
DA:116,1
DA:118,0
DA:119,0
DA:120,0
DA:122,0
DA:125,3
DA:126,1
DA:128,0
DA:129,0
DA:130,0
DA:132,0
LF:57
LH:48
BRDA:93,0,0,1
BRDA:93,0,1,1
BRF:2
BRH:2
end_of_record
TN:
SF:D:\devNodejs\platzi\platziverse\platziverse-db\tests\fixtures\agent.js
FN:22,extend
FN:30,(anonymous_1)
FN:31,(anonymous_2)
FN:32,(anonymous_3)
FN:32,(anonymous_4)
FN:33,(anonymous_5)
FN:33,(anonymous_6)
FNF:7
FNH:7
FNDA:6,extend
FNDA:8,(anonymous_1)
FNDA:8,(anonymous_2)
FNDA:14,(anonymous_3)
FNDA:56,(anonymous_4)
FNDA:10,(anonymous_5)
FNDA:40,(anonymous_6)
DA:3,2
DA:15,2
DA:23,6
DA:24,6
DA:27,2
DA:30,8
DA:31,8
DA:32,56
DA:33,40
LF:9
LH:9
BRF:0
BRH:0
end_of_record
TN:
SF:D:\devNodejs\platzi\platziverse\platziverse-db\tests\fixtures\metric.js
FN:20,extend
FN:25,join
FN:26,(anonymous_2)
FN:26,(anonymous_3)
FN:32,findByAgentUuid
FN:33,(anonymous_5)
FN:33,(anonymous_6)
FN:40,sortByCreated
FN:41,(anonymous_8)
FN:49,findByTypeAgentUuid
FN:50,(anonymous_10)
FN:50,(anonymous_11)
FNF:12
FNH:10
FNDA:3,extend
FNDA:4,join
FNDA:16,(anonymous_2)
FNDA:4,(anonymous_3)
FNDA:4,findByAgentUuid
FNDA:16,(anonymous_5)
FNDA:4,(anonymous_6)
FNDA:0,sortByCreated
FNDA:0,(anonymous_8)
FNDA:4,findByTypeAgentUuid
FNDA:16,(anonymous_10)
FNDA:4,(anonymous_11)
DA:3,1
DA:5,1
DA:13,1
DA:21,3
DA:22,3
DA:26,16
DA:27,4
DA:28,4
DA:33,16
DA:34,4
DA:35,4
DA:41,0
DA:42,0
DA:43,0
DA:45,0
DA:50,16
DA:51,4
DA:55,1
LF:18
LH:14
BRDA:34,0,0,4
BRDA:34,0,1,0
BRDA:50,1,0,16
BRDA:50,1,1,4
BRF:4
BRH:3
end_of_record
